2020-02-24 Monday 20:02:35  [DEBUG]:  __init__  Using selector: SelectSelector
2020-02-24 Monday 20:02:35  [DEBUG]:  __setPLCnextIp  setting IP : 192.168.124.10
2020-02-24 Monday 20:02:35  [DEBUG]:  __setUserName  setting username : admin
2020-02-24 Monday 20:02:35  [DEBUG]:  __setPassWord  setting password...
2020-02-24 Monday 20:02:35  [INFO]:  run  Start session thread ...
2020-02-24 Monday 20:02:37  [DEBUG]:  _getApiInfo  trying to get api information ...
2020-02-24 Monday 20:02:37  [INFO]:  _getApiInfo  Get PLCnext API version : v1.2
2020-02-24 Monday 20:02:37  [DEBUG]:  _createSessionID  trying to creat session id ...
2020-02-24 Monday 20:02:37  [INFO]:  _createSessionID  Get session ID : s297204338
2020-02-24 Monday 20:02:37  [INFO]:  connect  Connecting...
2020-02-24 Monday 20:02:37  [DEBUG]:  _maintainSessionID  Maintain SessionID ...
2020-02-24 Monday 20:02:37  [DEBUG]:  _Login  logging ...
2020-02-24 Monday 20:02:37  [DEBUG]:  __getAuthToken  getAuthToken ...
2020-02-24 Monday 20:11:17  [DEBUG]:  __init__  Using selector: SelectSelector
2020-02-24 Monday 20:11:17  [DEBUG]:  __setPLCnextIp  setting IP : 192.168.124.10
2020-02-24 Monday 20:11:17  [DEBUG]:  __setUserName  setting username : admin
2020-02-24 Monday 20:11:17  [DEBUG]:  __setPassWord  setting password...
2020-02-24 Monday 20:11:17  [INFO]:  run  Start session thread ...
2020-02-24 Monday 20:11:19  [DEBUG]:  _getApiInfo  trying to get api information ...
2020-02-24 Monday 20:11:21  [DEBUG]:  _getApiInfo  trying to get api information ...
2020-02-24 Monday 20:11:23  [DEBUG]:  _getApiInfo  trying to get api information ...
2020-02-24 Monday 20:11:25  [DEBUG]:  _getApiInfo  trying to get api information ...
2020-02-24 Monday 20:11:27  [DEBUG]:  _getApiInfo  trying to get api information ...
2020-02-24 Monday 20:12:08  [DEBUG]:  __init__  Using selector: SelectSelector
2020-02-24 Monday 20:12:08  [DEBUG]:  __setPLCnextIp  setting IP : 192.168.124.10
2020-02-24 Monday 20:12:08  [DEBUG]:  __setUserName  setting username : admin
2020-02-24 Monday 20:12:08  [DEBUG]:  __setPassWord  setting password...
2020-02-24 Monday 20:12:08  [INFO]:  run  Start session thread ...
2020-02-24 Monday 20:12:11  [DEBUG]:  _getApiInfo  trying to get api information ...
2020-02-24 Monday 20:12:11  [INFO]:  _getApiInfo  Get PLCnext API version : v1.2
2020-02-24 Monday 20:12:11  [DEBUG]:  _createSessionID  trying to creat session id ...
2020-02-24 Monday 20:12:11  [INFO]:  _createSessionID  Get session ID : s307778195
2020-02-24 Monday 20:12:11  [INFO]:  connect  Connecting...
2020-02-24 Monday 20:12:11  [DEBUG]:  _maintainSessionID  Maintain SessionID ...
2020-02-24 Monday 20:12:11  [DEBUG]:  _Login  logging ...
2020-02-24 Monday 20:12:11  [DEBUG]:  __getAuthToken  getAuthToken ...
2020-02-24 Monday 20:12:11  [ERROR]:  syncRequest  _request() got an unexpected keyword argument 'cert'
2020-02-24 Monday 20:12:11  [INFO]:  connect  Connect success
2020-02-24 Monday 20:12:11  [INFO]:  _RegisterGroup  Group ID : g16746179
2020-02-24 Monday 20:12:11  [INFO]:  _RegisterGroup  Group ID : g26746236
2020-02-24 Monday 20:12:11  [ERROR]:  _RegisterGroup  invalidNames
2020-02-24 Monday 20:12:13  [ERROR]:  syncRequest  _request() got an unexpected keyword argument 'cert'
2020-02-24 Monday 20:12:54  [DEBUG]:  __init__  Using selector: SelectSelector
2020-02-24 Monday 20:12:54  [DEBUG]:  __setPLCnextIp  setting IP : 192.168.124.10
2020-02-24 Monday 20:12:54  [DEBUG]:  __setUserName  setting username : admin
2020-02-24 Monday 20:12:54  [DEBUG]:  __setPassWord  setting password...
2020-02-24 Monday 20:12:54  [INFO]:  run  Start session thread ...
2020-02-24 Monday 20:12:56  [DEBUG]:  _getApiInfo  trying to get api information ...
2020-02-24 Monday 20:12:57  [INFO]:  _getApiInfo  Get PLCnext API version : v1.2
2020-02-24 Monday 20:12:57  [DEBUG]:  _createSessionID  trying to creat session id ...
2020-02-24 Monday 20:12:57  [INFO]:  _createSessionID  Get session ID : s317823941
2020-02-24 Monday 20:12:57  [DEBUG]:  _maintainSessionID  Maintain SessionID ...
2020-02-24 Monday 20:12:57  [INFO]:  connect  Connecting...
2020-02-24 Monday 20:12:57  [DEBUG]:  _Login  logging ...
2020-02-24 Monday 20:12:57  [ERROR]:  syncRequest  _request() got an unexpected keyword argument 'cert'
2020-02-24 Monday 20:12:57  [DEBUG]:  __getAuthToken  getAuthToken ...
2020-02-24 Monday 20:12:57  [INFO]:  connect  Connect success
2020-02-24 Monday 20:12:57  [INFO]:  _RegisterGroup  Group ID : g16746179
2020-02-24 Monday 20:12:57  [INFO]:  _RegisterGroup  Group ID : g26746236
2020-02-24 Monday 20:12:57  [ERROR]:  _RegisterGroup  invalidNames
2020-02-24 Monday 20:13:18  [DEBUG]:  __init__  Using selector: SelectSelector
2020-02-24 Monday 20:13:18  [DEBUG]:  __setPLCnextIp  setting IP : 192.168.124.10
2020-02-24 Monday 20:13:18  [DEBUG]:  __setUserName  setting username : admin
2020-02-24 Monday 20:13:18  [DEBUG]:  __setPassWord  setting password...
2020-02-24 Monday 20:13:18  [INFO]:  run  Start session thread ...
2020-02-24 Monday 20:13:20  [DEBUG]:  _getApiInfo  trying to get api information ...
2020-02-24 Monday 20:13:20  [INFO]:  _getApiInfo  Get PLCnext API version : v1.2
2020-02-24 Monday 20:13:20  [DEBUG]:  _createSessionID  trying to creat session id ...
2020-02-24 Monday 20:13:20  [INFO]:  _createSessionID  Get session ID : s327847735
2020-02-24 Monday 20:13:20  [DEBUG]:  _maintainSessionID  Maintain SessionID ...
2020-02-24 Monday 20:13:20  [ERROR]:  syncRequest  _request() got an unexpected keyword argument 'cert'
2020-02-24 Monday 20:13:20  [INFO]:  connect  Connecting...
2020-02-24 Monday 20:13:20  [DEBUG]:  _Login  logging ...
2020-02-24 Monday 20:13:20  [DEBUG]:  __getAuthToken  getAuthToken ...
2020-02-24 Monday 20:13:21  [INFO]:  connect  Connect success
2020-02-24 Monday 20:13:21  [INFO]:  _RegisterGroup  Group ID : g16746179
2020-02-24 Monday 20:13:21  [INFO]:  _RegisterGroup  Group ID : g26746236
2020-02-24 Monday 20:13:21  [ERROR]:  _RegisterGroup  invalidNames
